<?xml version="1.0" encoding="UTF-8"?>
<testsuite name="JUnit Jupiter" tests="71" skipped="0" failures="0" errors="0" time="18" hostname="Tigas" timestamp="2024-05-30T18:22:50">
<properties>
[...]
</properties>
<testcase name="whenFindSeatReservationBySeat_thenSeatReservationShouldBeFound" classname="tqsgroup.chuchu.service.SeatReservationServiceTest" time="0" started-at="2024-05-30T17:22:50.309939837" finished-at="2024-05-30T17:22:50.478608929">
<system-out><![CDATA[
unique-id: [engine:junit-jupiter]/[class:tqsgroup.chuchu.service.SeatReservationServiceTest]/[method:whenFindSeatReservationBySeat_thenSeatReservationShouldBeFound()]
display-name: whenFindSeatReservationBySeat_thenSeatReservationShouldBeFound()
]]></system-out>
<properties>
<property name="_dummy_" value=""/>
</properties>
</testcase>
<testcase name="whenSaveValidSeat_thenSeatIsSaved" classname="tqsgroup.chuchu.service.SeatServiceTest" time="0" started-at="2024-05-30T17:22:49.155663717" finished-at="2024-05-30T17:22:49.197188218">
<system-out><![CDATA[
unique-id: [engine:junit-jupiter]/[class:tqsgroup.chuchu.service.SeatServiceTest]/[method:whenSaveValidSeat_thenSeatIsSaved()]
display-name: whenSaveValidSeat_thenSeatIsSaved()
]]></system-out>
<properties>
<property name="_dummy_" value=""/>
</properties>
</testcase>
<testcase name="whenSearchValidOriginAndDestination_thenConnectionsShouldBeFound" classname="tqsgroup.chuchu.service.ConnectionServiceTest" time="0" started-at="2024-05-30T17:22:49.964805609" finished-at="2024-05-30T17:22:49.969288799">
<system-out><![CDATA[
unique-id: [engine:junit-jupiter]/[class:tqsgroup.chuchu.service.ConnectionServiceTest]/[method:whenSearchValidOriginAndDestination_thenConnectionsShouldBeFound()]
display-name: whenSearchValidOriginAndDestination_thenConnectionsShouldBeFound()
]]></system-out>
<properties>
<property name="_dummy_" value=""/>
</properties>
</testcase>
<testcase name="whenSaveConnectionWithInvalidStations_thenConnectionShouldNotBeSaved" classname="tqsgroup.chuchu.service.ConnectionServiceTest" time="0" started-at="2024-05-30T17:22:49.960725455" finished-at="2024-05-30T17:22:49.964004037">
<system-out><![CDATA[
unique-id: [engine:junit-jupiter]/[class:tqsgroup.chuchu.service.ConnectionServiceTest]/[method:whenSaveConnectionWithInvalidStations_thenConnectionShouldNotBeSaved()]
display-name: whenSaveConnectionWithInvalidStations_thenConnectionShouldNotBeSaved()
]]></system-out>
<properties>
<property name="_dummy_" value=""/>
</properties>
</testcase>
<testcase name="whenFindAllByCarriage_thenSeatsAreReturned" classname="tqsgroup.chuchu.service.SeatServiceTest" time="0" started-at="2024-05-30T17:22:48.389419339" finished-at="2024-05-30T17:22:49.153967956">
<system-out><![CDATA[
unique-id: [engine:junit-jupiter]/[class:tqsgroup.chuchu.service.SeatServiceTest]/[method:whenFindAllByCarriage_thenSeatsAreReturned()]
display-name: whenFindAllByCarriage_thenSeatsAreReturned()
]]></system-out>
<properties>
<property name="_dummy_" value=""/>
</properties>
</testcase>
<testcase name="whenSaveConnectionWithInvalidTimestamps_thenConnectionShouldNotBeSaved" classname="tqsgroup.chuchu.service.ConnectionServiceTest" time="0" started-at="2024-05-30T17:22:49.975945217" finished-at="2024-05-30T17:22:49.978245295">
<system-out><![CDATA[
unique-id: [engine:junit-jupiter]/[class:tqsgroup.chuchu.service.ConnectionServiceTest]/[method:whenSaveConnectionWithInvalidTimestamps_thenConnectionShouldNotBeSaved()]
display-name: whenSaveConnectionWithInvalidTimestamps_thenConnectionShouldNotBeSaved()
]]></system-out>
<properties>
<property name="_dummy_" value=""/>
</properties>
</testcase>
<testcase name="whenSearchValidTrain_thenConnectionsShouldBeFound" classname="tqsgroup.chuchu.service.ConnectionServiceTest" time="0" started-at="2024-05-30T17:22:49.978786022" finished-at="2024-05-30T17:22:49.98146556">
<system-out><![CDATA[
unique-id: [engine:junit-jupiter]/[class:tqsgroup.chuchu.service.ConnectionServiceTest]/[method:whenSearchValidTrain_thenConnectionsShouldBeFound()]
display-name: whenSearchValidTrain_thenConnectionsShouldBeFound()
]]></system-out>
<properties>
<property name="_dummy_" value=""/>
</properties>
</testcase>
<testcase name="whenSearchValidPriceRange_thenConnectionsShouldBeFound" classname="tqsgroup.chuchu.service.ConnectionServiceTest" time="0" started-at="2024-05-30T17:22:49.942721692" finished-at="2024-05-30T17:22:49.945610395">
<system-out><![CDATA[
unique-id: [engine:junit-jupiter]/[class:tqsgroup.chuchu.service.ConnectionServiceTest]/[method:whenSearchValidPriceRange_thenConnectionsShouldBeFound()]
display-name: whenSearchValidPriceRange_thenConnectionsShouldBeFound()
]]></system-out>
<properties>
<property name="_dummy_" value=""/>
</properties>
</testcase>
<testcase name="whenSaveStationWithInvalidName_thenStationShouldNotBeSaved" classname="tqsgroup.chuchu.service.StationServiceTest" time="0" started-at="2024-05-30T17:22:50.699079106" finished-at="2024-05-30T17:22:50.702843758">
<system-out><![CDATA[
unique-id: [engine:junit-jupiter]/[class:tqsgroup.chuchu.service.StationServiceTest]/[method:whenSaveStationWithInvalidName_thenStationShouldNotBeSaved()]
display-name: whenSaveStationWithInvalidName_thenStationShouldNotBeSaved()
]]></system-out>
<properties>
<property name="_dummy_" value=""/>
</properties>
</testcase>
<testcase name="testNeo4jConnection" classname="tqsgroup.chuchu.databases.Neo4jDatabaseTest" time="0" started-at="2024-05-30T17:22:48.247051579" finished-at="2024-05-30T17:22:48.337301708">
<system-out><![CDATA[
unique-id: [engine:junit-jupiter]/[class:tqsgroup.chuchu.databases.Neo4jDatabaseTest]/[method:testNeo4jConnection()]
display-name: testNeo4jConnection()
]]></system-out>
<properties>
<property name="_dummy_" value=""/>
</properties>
</testcase>
<testcase name="whenSearchInvalidDepartureTime_thenConnectionsShouldNotBeFound" classname="tqsgroup.chuchu.service.ConnectionServiceTest" time="0" started-at="2024-05-30T17:22:50.014793594" finished-at="2024-05-30T17:22:50.019361674">
<system-out><![CDATA[
unique-id: [engine:junit-jupiter]/[class:tqsgroup.chuchu.service.ConnectionServiceTest]/[method:whenSearchInvalidDepartureTime_thenConnectionsShouldNotBeFound()]
display-name: whenSearchInvalidDepartureTime_thenConnectionsShouldNotBeFound()
]]></system-out>
<properties>
<property name="_dummy_" value=""/>
</properties>
</testcase>
<testcase name="whenSearchEmptyName_thenStationShouldNotBeFound" classname="tqsgroup.chuchu.service.StationServiceTest" time="0" started-at="2024-05-30T17:22:50.68012809" finished-at="2024-05-30T17:22:50.683551689">
<system-out><![CDATA[
unique-id: [engine:junit-jupiter]/[class:tqsgroup.chuchu.service.StationServiceTest]/[method:whenSearchEmptyName_thenStationShouldNotBeFound()]
display-name: whenSearchEmptyName_thenStationShouldNotBeFound()
]]></system-out>
<properties>
<property name="_dummy_" value=""/>
</properties>
</testcase>
<testcase name="whenFindByName_thenReturnStation" classname="tqsgroup.chuchu.repository.StationRepositoryTest" time="0" started-at="2024-05-30T17:22:47.289240879" finished-at="2024-05-30T17:22:47.423226218">
<system-out><![CDATA[
unique-id: [engine:junit-jupiter]/[class:tqsgroup.chuchu.repository.StationRepositoryTest]/[method:whenFindByName_thenReturnStation()]
display-name: whenFindByName_thenReturnStation()
]]></system-out>
<properties>
<property name="_dummy_" value=""/>
</properties>
</testcase>
<testcase name="whenSearchValidOriginAndLineNumber_thenConnectionsShouldBeFound" classname="tqsgroup.chuchu.service.ConnectionServiceTest" time="0" started-at="2024-05-30T17:22:49.831431248" finished-at="2024-05-30T17:22:49.942285801">
<system-out><![CDATA[
unique-id: [engine:junit-jupiter]/[class:tqsgroup.chuchu.service.ConnectionServiceTest]/[method:whenSearchValidOriginAndLineNumber_thenConnectionsShouldBeFound()]
display-name: whenSearchValidOriginAndLineNumber_thenConnectionsShouldBeFound()
]]></system-out>
<properties>
<property name="_dummy_" value=""/>
</properties>
</testcase>
<testcase name="whenSearchInvalidTrain_thenConnectionsShouldNotBeFound" classname="tqsgroup.chuchu.service.ConnectionServiceTest" time="0" started-at="2024-05-30T17:22:49.955878388" finished-at="2024-05-30T17:22:49.96001831">
<system-out><![CDATA[
unique-id: [engine:junit-jupiter]/[class:tqsgroup.chuchu.service.ConnectionServiceTest]/[method:whenSearchInvalidTrain_thenConnectionsShouldNotBeFound()]
display-name: whenSearchInvalidTrain_thenConnectionsShouldNotBeFound()
]]></system-out>
<properties>
<property name="_dummy_" value=""/>
</properties>
</testcase>
<testcase name="whenSearchInvalidArrivalTime_thenConnectionsShouldNotBeFound" classname="tqsgroup.chuchu.service.ConnectionServiceTest" time="0" started-at="2024-05-30T17:22:49.992117368" finished-at="2024-05-30T17:22:49.996101523">
<system-out><![CDATA[
unique-id: [engine:junit-jupiter]/[class:tqsgroup.chuchu.service.ConnectionServiceTest]/[method:whenSearchInvalidArrivalTime_thenConnectionsShouldNotBeFound()]
display-name: whenSearchInvalidArrivalTime_thenConnectionsShouldNotBeFound()
]]></system-out>
<properties>
<property name="_dummy_" value=""/>
</properties>
</testcase>
<testcase name="whenSaveConnectionWithInvalidPrice_thenConnectionShouldNotBeSaved" classname="tqsgroup.chuchu.service.ConnectionServiceTest" time="0" started-at="2024-05-30T17:22:49.952426361" finished-at="2024-05-30T17:22:49.955378237">
<system-out><![CDATA[
unique-id: [engine:junit-jupiter]/[class:tqsgroup.chuchu.service.ConnectionServiceTest]/[method:whenSaveConnectionWithInvalidPrice_thenConnectionShouldNotBeSaved()]
display-name: whenSaveConnectionWithInvalidPrice_thenConnectionShouldNotBeSaved()
]]></system-out>
<properties>
<property name="_dummy_" value=""/>
</properties>
</testcase>
<testcase name="whenSaveTrainWithInvalidNumber_thenTrainShouldNotBeSaved" classname="tqsgroup.chuchu.service.TrainServiceTest" time="0" started-at="2024-05-30T17:22:49.62342177" finished-at="2024-05-30T17:22:49.628888004">
<system-out><![CDATA[
unique-id: [engine:junit-jupiter]/[class:tqsgroup.chuchu.service.TrainServiceTest]/[method:whenSaveTrainWithInvalidNumber_thenTrainShouldNotBeSaved()]
display-name: whenSaveTrainWithInvalidNumber_thenTrainShouldNotBeSaved()
]]></system-out>
<properties>
<property name="_dummy_" value=""/>
</properties>
</testcase>
<testcase name="whenFindByUserId_thenTicketShouldBeReturned" classname="tqsgroup.chuchu.service.TicketServiceTest" time="0" started-at="2024-05-30T17:22:50.282424456" finished-at="2024-05-30T17:22:50.28729699">
<system-out><![CDATA[
unique-id: [engine:junit-jupiter]/[class:tqsgroup.chuchu.service.TicketServiceTest]/[method:whenFindByUserId_thenTicketShouldBeReturned()]
display-name: whenFindByUserId_thenTicketShouldBeReturned()
]]></system-out>
<properties>
<property name="_dummy_" value=""/>
</properties>
</testcase>
<testcase name="whenSearchValidOrigin_thenConnectionsShouldBeFound" classname="tqsgroup.chuchu.service.ConnectionServiceTest" time="0" started-at="2024-05-30T17:22:50.003810084" finished-at="2024-05-30T17:22:50.006389433">
<system-out><![CDATA[
unique-id: [engine:junit-jupiter]/[class:tqsgroup.chuchu.service.ConnectionServiceTest]/[method:whenSearchValidOrigin_thenConnectionsShouldBeFound()]
display-name: whenSearchValidOrigin_thenConnectionsShouldBeFound()
]]></system-out>
<properties>
<property name="_dummy_" value=""/>
</properties>
</testcase>
<testcase name="whenSaveTicketWithInvalidRoute_thenTicketShouldNotBeSaved" classname="tqsgroup.chuchu.service.TicketServiceTest" time="0" started-at="2024-05-30T17:22:50.239050606" finished-at="2024-05-30T17:22:50.256742979">
<system-out><![CDATA[
unique-id: [engine:junit-jupiter]/[class:tqsgroup.chuchu.service.TicketServiceTest]/[method:whenSaveTicketWithInvalidRoute_thenTicketShouldNotBeSaved()]
display-name: whenSaveTicketWithInvalidRoute_thenTicketShouldNotBeSaved()
]]></system-out>
<properties>
<property name="_dummy_" value=""/>
</properties>
</testcase>
<testcase name="whenReleaseReservedSeat_thenSeatShouldBeReleased" classname="tqsgroup.chuchu.service.SeatReservationServiceTest" time="0" started-at="2024-05-30T17:22:50.487438824" finished-at="2024-05-30T17:22:50.497446753">
<system-out><![CDATA[
unique-id: [engine:junit-jupiter]/[class:tqsgroup.chuchu.service.SeatReservationServiceTest]/[method:whenReleaseReservedSeat_thenSeatShouldBeReleased()]
display-name: whenReleaseReservedSeat_thenSeatShouldBeReleased()
]]></system-out>
<properties>
<property name="_dummy_" value=""/>
</properties>
</testcase>
<testcase name="whenSearchNonExistingName_thenStationShouldNotBeFound" classname="tqsgroup.chuchu.service.StationServiceTest" time="0" started-at="2024-05-30T17:22:50.675406887" finished-at="2024-05-30T17:22:50.679624491">
<system-out><![CDATA[
unique-id: [engine:junit-jupiter]/[class:tqsgroup.chuchu.service.StationServiceTest]/[method:whenSearchNonExistingName_thenStationShouldNotBeFound()]
display-name: whenSearchNonExistingName_thenStationShouldNotBeFound()
]]></system-out>
<properties>
<property name="_dummy_" value=""/>
</properties>
</testcase>
<testcase name="whenSearchValidArrivalTime_thenConnectionsShouldBeFound" classname="tqsgroup.chuchu.service.ConnectionServiceTest" time="0" started-at="2024-05-30T17:22:49.949669064" finished-at="2024-05-30T17:22:49.952073683">
<system-out><![CDATA[
unique-id: [engine:junit-jupiter]/[class:tqsgroup.chuchu.service.ConnectionServiceTest]/[method:whenSearchValidArrivalTime_thenConnectionsShouldBeFound()]
display-name: whenSearchValidArrivalTime_thenConnectionsShouldBeFound()
]]></system-out>
<properties>
<property name="_dummy_" value=""/>
</properties>
</testcase>
<testcase name="whenSearchValidName_thenStationShouldBeFound" classname="tqsgroup.chuchu.service.StationServiceTest" time="0" started-at="2024-05-30T17:22:50.694481752" finished-at="2024-05-30T17:22:50.698470883">
<system-out><![CDATA[
unique-id: [engine:junit-jupiter]/[class:tqsgroup.chuchu.service.StationServiceTest]/[method:whenSearchValidName_thenStationShouldBeFound()]
display-name: whenSearchValidName_thenStationShouldBeFound()
]]></system-out>
<properties>
<property name="_dummy_" value=""/>
</properties>
</testcase>
<testcase name="whenSaveSeatWithoutCarriage_thenSeatIsNotSaved" classname="tqsgroup.chuchu.service.SeatServiceTest" time="0" started-at="2024-05-30T17:22:49.198622834" finished-at="2024-05-30T17:22:49.231001645">
<system-out><![CDATA[
unique-id: [engine:junit-jupiter]/[class:tqsgroup.chuchu.service.SeatServiceTest]/[method:whenSaveSeatWithoutCarriage_thenSeatIsNotSaved()]
display-name: whenSaveSeatWithoutCarriage_thenSeatIsNotSaved()
]]></system-out>
<properties>
<property name="_dummy_" value=""/>
</properties>
</testcase>
<testcase name="whenSaveStationWithValidName_thenStationShouldBeSaved" classname="tqsgroup.chuchu.service.StationServiceTest" time="0" started-at="2024-05-30T17:22:50.684138863" finished-at="2024-05-30T17:22:50.6875804">
<system-out><![CDATA[
unique-id: [engine:junit-jupiter]/[class:tqsgroup.chuchu.service.StationServiceTest]/[method:whenSaveStationWithValidName_thenStationShouldBeSaved()]
display-name: whenSaveStationWithValidName_thenStationShouldBeSaved()
]]></system-out>
<properties>
<property name="_dummy_" value=""/>
</properties>
</testcase>
<testcase name="whenSaveValidSeatReservation_thenSeatReservationShouldBeSaved" classname="tqsgroup.chuchu.service.SeatReservationServiceTest" time="0" started-at="2024-05-30T17:22:50.480237614" finished-at="2024-05-30T17:22:50.485889885">
<system-out><![CDATA[
unique-id: [engine:junit-jupiter]/[class:tqsgroup.chuchu.service.SeatReservationServiceTest]/[method:whenSaveValidSeatReservation_thenSeatReservationShouldBeSaved()]
display-name: whenSaveValidSeatReservation_thenSeatReservationShouldBeSaved()
]]></system-out>
<properties>
<property name="_dummy_" value=""/>
</properties>
</testcase>
<testcase name="whenSearchInvalidOriginAndDestination_thenConnectionsShouldNotBeFound" classname="tqsgroup.chuchu.service.ConnectionServiceTest" time="0" started-at="2024-05-30T17:22:49.970101946" finished-at="2024-05-30T17:22:49.972877597">
<system-out><![CDATA[
unique-id: [engine:junit-jupiter]/[class:tqsgroup.chuchu.service.ConnectionServiceTest]/[method:whenSearchInvalidOriginAndDestination_thenConnectionsShouldNotBeFound()]
display-name: whenSearchInvalidOriginAndDestination_thenConnectionsShouldNotBeFound()
]]></system-out>
<properties>
<property name="_dummy_" value=""/>
</properties>
</testcase>
<testcase name="whenSearchInvalidPriceRange_thenException" classname="tqsgroup.chuchu.service.ConnectionServiceTest" time="0" started-at="2024-05-30T17:22:50.009922212" finished-at="2024-05-30T17:22:50.014177004">
<system-out><![CDATA[
unique-id: [engine:junit-jupiter]/[class:tqsgroup.chuchu.service.ConnectionServiceTest]/[method:whenSearchInvalidPriceRange_thenException()]
display-name: whenSearchInvalidPriceRange_thenException()
]]></system-out>
<properties>
<property name="_dummy_" value=""/>
</properties>
</testcase>
<testcase name="whenSearchInvalidOrigin_thenConnectionsShouldNotBeFound" classname="tqsgroup.chuchu.service.ConnectionServiceTest" time="0" started-at="2024-05-30T17:22:49.946024513" finished-at="2024-05-30T17:22:49.949258737">
<system-out><![CDATA[
unique-id: [engine:junit-jupiter]/[class:tqsgroup.chuchu.service.ConnectionServiceTest]/[method:whenSearchInvalidOrigin_thenConnectionsShouldNotBeFound()]
display-name: whenSearchInvalidOrigin_thenConnectionsShouldNotBeFound()
]]></system-out>
<properties>
<property name="_dummy_" value=""/>
</properties>
</testcase>
<testcase name="whenSearchInvalidDestination_thenConnectionsShouldNotBeFound" classname="tqsgroup.chuchu.service.ConnectionServiceTest" time="0" started-at="2024-05-30T17:22:49.981999041" finished-at="2024-05-30T17:22:49.984654106">
<system-out><![CDATA[
unique-id: [engine:junit-jupiter]/[class:tqsgroup.chuchu.service.ConnectionServiceTest]/[method:whenSearchInvalidDestination_thenConnectionsShouldNotBeFound()]
display-name: whenSearchInvalidDestination_thenConnectionsShouldNotBeFound()
]]></system-out>
<properties>
<property name="_dummy_" value=""/>
</properties>
</testcase>
<testcase name="testMultiDataSource" classname="tqsgroup.chuchu.databases.MultiDataSourceTest" time="0" started-at="2024-05-30T17:22:47.61883684" finished-at="2024-05-30T17:22:48.232383246">
<system-out><![CDATA[
unique-id: [engine:junit-jupiter]/[class:tqsgroup.chuchu.databases.MultiDataSourceTest]/[method:testMultiDataSource()]
display-name: testMultiDataSource()
]]></system-out>
<properties>
<property name="_dummy_" value=""/>
</properties>
</testcase>
<testcase name="whenGetAllCarriages_thenAllCarriagesShouldBeReturned" classname="tqsgroup.chuchu.service.CarriageServiceTest" time="0" started-at="2024-05-30T17:22:49.786564125" finished-at="2024-05-30T17:22:49.794629121">
<system-out><![CDATA[
unique-id: [engine:junit-jupiter]/[class:tqsgroup.chuchu.service.CarriageServiceTest]/[method:whenGetAllCarriages_thenAllCarriagesShouldBeReturned()]
display-name: whenGetAllCarriages_thenAllCarriagesShouldBeReturned()
]]></system-out>
<properties>
<property name="_dummy_" value=""/>
</properties>
</testcase>
<testcase name="whenSaveSeatReservationWithInvalidConnection_thenSeatReservationShouldNotBeSaved" classname="tqsgroup.chuchu.service.SeatReservationServiceTest" time="0" started-at="2024-05-30T17:22:50.539261938" finished-at="2024-05-30T17:22:50.542577066">
<system-out><![CDATA[
unique-id: [engine:junit-jupiter]/[class:tqsgroup.chuchu.service.SeatReservationServiceTest]/[method:whenSaveSeatReservationWithInvalidConnection_thenSeatReservationShouldNotBeSaved()]
display-name: whenSaveSeatReservationWithInvalidConnection_thenSeatReservationShouldNotBeSaved()
]]></system-out>
<properties>
<property name="_dummy_" value=""/>
</properties>
</testcase>
<testcase name="whenSaveValidConnection_thenConnectionShouldBeSaved" classname="tqsgroup.chuchu.service.ConnectionServiceTest" time="0" started-at="2024-05-30T17:22:49.973208925" finished-at="2024-05-30T17:22:49.975386066">
<system-out><![CDATA[
unique-id: [engine:junit-jupiter]/[class:tqsgroup.chuchu.service.ConnectionServiceTest]/[method:whenSaveValidConnection_thenConnectionShouldBeSaved()]
display-name: whenSaveValidConnection_thenConnectionShouldBeSaved()
]]></system-out>
<properties>
<property name="_dummy_" value=""/>
</properties>
</testcase>
<testcase name="whenSearchValidDepartureTime_thenConnectionsShouldBeFound" classname="tqsgroup.chuchu.service.ConnectionServiceTest" time="0" started-at="2024-05-30T17:22:50.000492729" finished-at="2024-05-30T17:22:50.003298632">
<system-out><![CDATA[
unique-id: [engine:junit-jupiter]/[class:tqsgroup.chuchu.service.ConnectionServiceTest]/[method:whenSearchValidDepartureTime_thenConnectionsShouldBeFound()]
display-name: whenSearchValidDepartureTime_thenConnectionsShouldBeFound()
]]></system-out>
<properties>
<property name="_dummy_" value=""/>
</properties>
</testcase>
<testcase name="whenSearchValidNumber_thenTrainShouldBeFound" classname="tqsgroup.chuchu.service.TrainServiceTest" time="0" started-at="2024-05-30T17:22:49.606554619" finished-at="2024-05-30T17:22:49.622330348">
<system-out><![CDATA[
unique-id: [engine:junit-jupiter]/[class:tqsgroup.chuchu.service.TrainServiceTest]/[method:whenSearchValidNumber_thenTrainShouldBeFound()]
display-name: whenSearchValidNumber_thenTrainShouldBeFound()
]]></system-out>
<properties>
<property name="_dummy_" value=""/>
</properties>
</testcase>
<testcase name="whenSearchNonExistingType_thenCarriageShouldNotBeFound" classname="tqsgroup.chuchu.service.CarriageServiceTest" time="0" started-at="2024-05-30T17:22:49.668862986" finished-at="2024-05-30T17:22:49.776235647">
<system-out><![CDATA[
unique-id: [engine:junit-jupiter]/[class:tqsgroup.chuchu.service.CarriageServiceTest]/[method:whenSearchNonExistingType_thenCarriageShouldNotBeFound()]
display-name: whenSearchNonExistingType_thenCarriageShouldNotBeFound()
]]></system-out>
<properties>
<property name="_dummy_" value=""/>
</properties>
</testcase>
<testcase name="whenSaveTrainWithValidNumber_thenTrainShouldBeSaved" classname="tqsgroup.chuchu.service.TrainServiceTest" time="0" started-at="2024-05-30T17:22:49.629716334" finished-at="2024-05-30T17:22:49.636643988">
<system-out><![CDATA[
unique-id: [engine:junit-jupiter]/[class:tqsgroup.chuchu.service.TrainServiceTest]/[method:whenSaveTrainWithValidNumber_thenTrainShouldBeSaved()]
display-name: whenSaveTrainWithValidNumber_thenTrainShouldBeSaved()
]]></system-out>
<properties>
<property name="_dummy_" value=""/>
</properties>
</testcase>
<testcase name="whenGetAllStations_thenAllStationsShouldBeReturned" classname="tqsgroup.chuchu.service.StationServiceTest" time="0" started-at="2024-05-30T17:22:50.703806576" finished-at="2024-05-30T17:22:50.708974027">
<system-out><![CDATA[
unique-id: [engine:junit-jupiter]/[class:tqsgroup.chuchu.service.StationServiceTest]/[method:whenGetAllStations_thenAllStationsShouldBeReturned()]
display-name: whenGetAllStations_thenAllStationsShouldBeReturned()
]]></system-out>
<properties>
<property name="_dummy_" value=""/>
</properties>
</testcase>
<testcase name="whenSaveTrainWithNonUniqueNumber_thenTrainShouldNotBeSaved" classname="tqsgroup.chuchu.service.TrainServiceTest" time="0" started-at="2024-05-30T17:22:49.568529047" finished-at="2024-05-30T17:22:49.576086689">
<system-out><![CDATA[
unique-id: [engine:junit-jupiter]/[class:tqsgroup.chuchu.service.TrainServiceTest]/[method:whenSaveTrainWithNonUniqueNumber_thenTrainShouldNotBeSaved()]
display-name: whenSaveTrainWithNonUniqueNumber_thenTrainShouldNotBeSaved()
]]></system-out>
<properties>
<property name="_dummy_" value=""/>
</properties>
</testcase>
<testcase name="whenFindByNumberAndCarriage_thenSeatIsReturned" classname="tqsgroup.chuchu.service.SeatServiceTest" time="0" started-at="2024-05-30T17:22:49.237867617" finished-at="2024-05-30T17:22:49.244630653">
<system-out><![CDATA[
unique-id: [engine:junit-jupiter]/[class:tqsgroup.chuchu.service.SeatServiceTest]/[method:whenFindByNumberAndCarriage_thenSeatIsReturned()]
display-name: whenFindByNumberAndCarriage_thenSeatIsReturned()
]]></system-out>
<properties>
<property name="_dummy_" value=""/>
</properties>
</testcase>
<testcase name="whenSearchValidType_thenCarriageShouldBeFound" classname="tqsgroup.chuchu.service.CarriageServiceTest" time="0" started-at="2024-05-30T17:22:49.776776392" finished-at="2024-05-30T17:22:49.780654959">
<system-out><![CDATA[
unique-id: [engine:junit-jupiter]/[class:tqsgroup.chuchu.service.CarriageServiceTest]/[method:whenSearchValidType_thenCarriageShouldBeFound()]
display-name: whenSearchValidType_thenCarriageShouldBeFound()
]]></system-out>
<properties>
<property name="_dummy_" value=""/>
</properties>
</testcase>
<testcase name="whenSaveConnectionWithInvalidLineNumber_thenConnectionShouldNotBeSaved" classname="tqsgroup.chuchu.service.ConnectionServiceTest" time="0" started-at="2024-05-30T17:22:49.985069591" finished-at="2024-05-30T17:22:49.987452707">
<system-out><![CDATA[
unique-id: [engine:junit-jupiter]/[class:tqsgroup.chuchu.service.ConnectionServiceTest]/[method:whenSaveConnectionWithInvalidLineNumber_thenConnectionShouldNotBeSaved()]
display-name: whenSaveConnectionWithInvalidLineNumber_thenConnectionShouldNotBeSaved()
]]></system-out>
<properties>
<property name="_dummy_" value=""/>
</properties>
</testcase>
<testcase name="whenReserveOccupiedSeat_thenSeatShouldNotBeReserved" classname="tqsgroup.chuchu.service.SeatReservationServiceTest" time="0" started-at="2024-05-30T17:22:50.534364551" finished-at="2024-05-30T17:22:50.538372702">
<system-out><![CDATA[
unique-id: [engine:junit-jupiter]/[class:tqsgroup.chuchu.service.SeatReservationServiceTest]/[method:whenReserveOccupiedSeat_thenSeatShouldNotBeReserved()]
display-name: whenReserveOccupiedSeat_thenSeatShouldNotBeReserved()
]]></system-out>
<properties>
<property name="_dummy_" value=""/>
</properties>
</testcase>
<testcase name="whenSearchInvalidNumber_thenTrainShouldNotBeFound" classname="tqsgroup.chuchu.service.TrainServiceTest" time="0" started-at="2024-05-30T17:22:49.638077729" finished-at="2024-05-30T17:22:49.645039387">
<system-out><![CDATA[
unique-id: [engine:junit-jupiter]/[class:tqsgroup.chuchu.service.TrainServiceTest]/[method:whenSearchInvalidNumber_thenTrainShouldNotBeFound()]
display-name: whenSearchInvalidNumber_thenTrainShouldNotBeFound()
]]></system-out>
<properties>
<property name="_dummy_" value=""/>
</properties>
</testcase>
<testcase name="whenSaveValidCarriage_thenCarriageShouldBeSaved" classname="tqsgroup.chuchu.service.CarriageServiceTest" time="0" started-at="2024-05-30T17:22:49.78122745" finished-at="2024-05-30T17:22:49.785790241">
<system-out><![CDATA[
unique-id: [engine:junit-jupiter]/[class:tqsgroup.chuchu.service.CarriageServiceTest]/[method:whenSaveValidCarriage_thenCarriageShouldBeSaved()]
display-name: whenSaveValidCarriage_thenCarriageShouldBeSaved()
]]></system-out>
<properties>
<property name="_dummy_" value=""/>
</properties>
</testcase>
<testcase name="whenSaveStationWithInvalidNumberOfLines_thenStationShouldNotBeSaved" classname="tqsgroup.chuchu.service.StationServiceTest" time="0" started-at="2024-05-30T17:22:50.688156958" finished-at="2024-05-30T17:22:50.693773469">
<system-out><![CDATA[
unique-id: [engine:junit-jupiter]/[class:tqsgroup.chuchu.service.StationServiceTest]/[method:whenSaveStationWithInvalidNumberOfLines_thenStationShouldNotBeSaved()]
display-name: whenSaveStationWithInvalidNumberOfLines_thenStationShouldNotBeSaved()
]]></system-out>
<properties>
<property name="_dummy_" value=""/>
</properties>
</testcase>
<testcase name="whenGetAllTickets_thenAllTicketsShouldBeReturned" classname="tqsgroup.chuchu.service.TicketServiceTest" time="0" started-at="2024-05-30T17:22:50.044964746" finished-at="2024-05-30T17:22:50.234596116">
<system-out><![CDATA[
unique-id: [engine:junit-jupiter]/[class:tqsgroup.chuchu.service.TicketServiceTest]/[method:whenGetAllTickets_thenAllTicketsShouldBeReturned()]
display-name: whenGetAllTickets_thenAllTicketsShouldBeReturned()
]]></system-out>
<properties>
<property name="_dummy_" value=""/>
</properties>
</testcase>
<testcase name="whenSearchInvalidOriginAndLineNumber_thenConnectionsShouldNotBeFound" classname="tqsgroup.chuchu.service.ConnectionServiceTest" time="0" started-at="2024-05-30T17:22:49.987912704" finished-at="2024-05-30T17:22:49.990823209">
<system-out><![CDATA[
unique-id: [engine:junit-jupiter]/[class:tqsgroup.chuchu.service.ConnectionServiceTest]/[method:whenSearchInvalidOriginAndLineNumber_thenConnectionsShouldNotBeFound()]
display-name: whenSearchInvalidOriginAndLineNumber_thenConnectionsShouldNotBeFound()
]]></system-out>
<properties>
<property name="_dummy_" value=""/>
</properties>
</testcase>
<testcase name="whenSearchValidDestination_thenConnectionsShouldBeFound" classname="tqsgroup.chuchu.service.ConnectionServiceTest" time="0" started-at="2024-05-30T17:22:49.996847629" finished-at="2024-05-30T17:22:50.000071874">
<system-out><![CDATA[
unique-id: [engine:junit-jupiter]/[class:tqsgroup.chuchu.service.ConnectionServiceTest]/[method:whenSearchValidDestination_thenConnectionsShouldBeFound()]
display-name: whenSearchValidDestination_thenConnectionsShouldBeFound()
]]></system-out>
<properties>
<property name="_dummy_" value=""/>
</properties>
</testcase>
<testcase name="testConnection" classname="tqsgroup.chuchu.databases.PostgresDatabaseTest" time="0" started-at="2024-05-30T17:22:48.353647117" finished-at="2024-05-30T17:22:48.374967091">
<system-out><![CDATA[
unique-id: [engine:junit-jupiter]/[class:tqsgroup.chuchu.databases.PostgresDatabaseTest]/[method:testConnection()]
display-name: testConnection()
]]></system-out>
<properties>
<property name="_dummy_" value=""/>
</properties>
</testcase>
<testcase name="whenSaveStationWithNonUniqueName_thenStationShouldNotBeSaved" classname="tqsgroup.chuchu.service.StationServiceTest" time="0" started-at="2024-05-30T17:22:50.562123733" finished-at="2024-05-30T17:22:50.674114812">
<system-out><![CDATA[
unique-id: [engine:junit-jupiter]/[class:tqsgroup.chuchu.service.StationServiceTest]/[method:whenSaveStationWithNonUniqueName_thenStationShouldNotBeSaved()]
display-name: whenSaveStationWithNonUniqueName_thenStationShouldNotBeSaved()
]]></system-out>
<properties>
<property name="_dummy_" value=""/>
</properties>
</testcase>
<testcase name="whenSaveCarriageWithInvalidType_thenCarriageShouldNotBeSaved" classname="tqsgroup.chuchu.service.CarriageServiceTest" time="0" started-at="2024-05-30T17:22:49.795439528" finished-at="2024-05-30T17:22:49.800117283">
<system-out><![CDATA[
unique-id: [engine:junit-jupiter]/[class:tqsgroup.chuchu.service.CarriageServiceTest]/[method:whenSaveCarriageWithInvalidType_thenCarriageShouldNotBeSaved()]
display-name: whenSaveCarriageWithInvalidType_thenCarriageShouldNotBeSaved()
]]></system-out>
<properties>
<property name="_dummy_" value=""/>
</properties>
</testcase>
<testcase name="whenSearchValidTrain_thenCarriageShouldBeFound" classname="tqsgroup.chuchu.service.CarriageServiceTest" time="0" started-at="2024-05-30T17:22:49.806884238" finished-at="2024-05-30T17:22:49.811957414">
<system-out><![CDATA[
unique-id: [engine:junit-jupiter]/[class:tqsgroup.chuchu.service.CarriageServiceTest]/[method:whenSearchValidTrain_thenCarriageShouldBeFound()]
display-name: whenSearchValidTrain_thenCarriageShouldBeFound()
]]></system-out>
<properties>
<property name="_dummy_" value=""/>
</properties>
</testcase>
<testcase name="whenFindSeatReservationByInvalidSeat_thenSeatReservationShouldNotBeFound" classname="tqsgroup.chuchu.service.SeatReservationServiceTest" time="0" started-at="2024-05-30T17:22:50.505095706" finished-at="2024-05-30T17:22:50.509068978">
<system-out><![CDATA[
unique-id: [engine:junit-jupiter]/[class:tqsgroup.chuchu.service.SeatReservationServiceTest]/[method:whenFindSeatReservationByInvalidSeat_thenSeatReservationShouldNotBeFound()]
display-name: whenFindSeatReservationByInvalidSeat_thenSeatReservationShouldNotBeFound()
]]></system-out>
<properties>
<property name="_dummy_" value=""/>
</properties>
</testcase>
<testcase name="whenFindAllSeatReservationsByConnection_thenSeatReservationsShouldBeFound" classname="tqsgroup.chuchu.service.SeatReservationServiceTest" time="0" started-at="2024-05-30T17:22:50.51011492" finished-at="2024-05-30T17:22:50.513550946">
<system-out><![CDATA[
unique-id: [engine:junit-jupiter]/[class:tqsgroup.chuchu.service.SeatReservationServiceTest]/[method:whenFindAllSeatReservationsByConnection_thenSeatReservationsShouldBeFound()]
display-name: whenFindAllSeatReservationsByConnection_thenSeatReservationsShouldBeFound()
]]></system-out>
<properties>
<property name="_dummy_" value=""/>
</properties>
</testcase>
<testcase name="whenFindByInvalidName_thenReturnNull" classname="tqsgroup.chuchu.repository.StationRepositoryTest" time="0" started-at="2024-05-30T17:22:47.424459351" finished-at="2024-05-30T17:22:47.538544589">
<system-out><![CDATA[
unique-id: [engine:junit-jupiter]/[class:tqsgroup.chuchu.repository.StationRepositoryTest]/[method:whenFindByInvalidName_thenReturnNull()]
display-name: whenFindByInvalidName_thenReturnNull()
]]></system-out>
<properties>
<property name="_dummy_" value=""/>
</properties>
</testcase>
<testcase name="whenSaveSeatWithInvalidNumber_thenSeatIsNotSaved" classname="tqsgroup.chuchu.service.SeatServiceTest" time="0" started-at="2024-05-30T17:22:49.23199079" finished-at="2024-05-30T17:22:49.236827886">
<system-out><![CDATA[
unique-id: [engine:junit-jupiter]/[class:tqsgroup.chuchu.service.SeatServiceTest]/[method:whenSaveSeatWithInvalidNumber_thenSeatIsNotSaved()]
display-name: whenSaveSeatWithInvalidNumber_thenSeatIsNotSaved()
]]></system-out>
<properties>
<property name="_dummy_" value=""/>
</properties>
</testcase>
<testcase name="whenSaveValidTicket_thenTicketShouldBeSaved" classname="tqsgroup.chuchu.service.TicketServiceTest" time="0" started-at="2024-05-30T17:22:50.259823353" finished-at="2024-05-30T17:22:50.272769446">
<system-out><![CDATA[
unique-id: [engine:junit-jupiter]/[class:tqsgroup.chuchu.service.TicketServiceTest]/[method:whenSaveValidTicket_thenTicketShouldBeSaved()]
display-name: whenSaveValidTicket_thenTicketShouldBeSaved()
]]></system-out>
<properties>
<property name="_dummy_" value=""/>
</properties>
</testcase>
<testcase name="whenSearchAllConnections_thenAllConnectionsShouldBeFound" classname="tqsgroup.chuchu.service.ConnectionServiceTest" time="0" started-at="2024-05-30T17:22:50.006904854" finished-at="2024-05-30T17:22:50.009329759">
<system-out><![CDATA[
unique-id: [engine:junit-jupiter]/[class:tqsgroup.chuchu.service.ConnectionServiceTest]/[method:whenSearchAllConnections_thenAllConnectionsShouldBeFound()]
display-name: whenSearchAllConnections_thenAllConnectionsShouldBeFound()
]]></system-out>
<properties>
<property name="_dummy_" value=""/>
</properties>
</testcase>
<testcase name="whenSearchNonExistingNumber_thenTrainShouldNotBeFound" classname="tqsgroup.chuchu.service.TrainServiceTest" time="0" started-at="2024-05-30T17:22:49.273222889" finished-at="2024-05-30T17:22:49.566855625">
<system-out><![CDATA[
unique-id: [engine:junit-jupiter]/[class:tqsgroup.chuchu.service.TrainServiceTest]/[method:whenSearchNonExistingNumber_thenTrainShouldNotBeFound()]
display-name: whenSearchNonExistingNumber_thenTrainShouldNotBeFound()
]]></system-out>
<properties>
<property name="_dummy_" value=""/>
</properties>
</testcase>
<testcase name="whenFindAllSeatReservationsByInvalidConnection_thenSeatReservationsShouldNotBeFound" classname="tqsgroup.chuchu.service.SeatReservationServiceTest" time="0" started-at="2024-05-30T17:22:50.51426681" finished-at="2024-05-30T17:22:50.517625066">
<system-out><![CDATA[
unique-id: [engine:junit-jupiter]/[class:tqsgroup.chuchu.service.SeatReservationServiceTest]/[method:whenFindAllSeatReservationsByInvalidConnection_thenSeatReservationsShouldNotBeFound()]
display-name: whenFindAllSeatReservationsByInvalidConnection_thenSeatReservationsShouldNotBeFound()
]]></system-out>
<properties>
<property name="_dummy_" value=""/>
</properties>
</testcase>
<testcase name="whenReleaseFreeSeat_thenSeatShouldNotBeReleased" classname="tqsgroup.chuchu.service.SeatReservationServiceTest" time="0" started-at="2024-05-30T17:22:50.518262477" finished-at="2024-05-30T17:22:50.527106597">
<system-out><![CDATA[
unique-id: [engine:junit-jupiter]/[class:tqsgroup.chuchu.service.SeatReservationServiceTest]/[method:whenReleaseFreeSeat_thenSeatShouldNotBeReleased()]
display-name: whenReleaseFreeSeat_thenSeatShouldNotBeReleased()
]]></system-out>
<properties>
<property name="_dummy_" value=""/>
</properties>
</testcase>
<testcase name="whenReserveFreeSeat_thenSeatShouldBeReserved" classname="tqsgroup.chuchu.service.SeatReservationServiceTest" time="0" started-at="2024-05-30T17:22:50.528393985" finished-at="2024-05-30T17:22:50.53328642">
<system-out><![CDATA[
unique-id: [engine:junit-jupiter]/[class:tqsgroup.chuchu.service.SeatReservationServiceTest]/[method:whenReserveFreeSeat_thenSeatShouldBeReserved()]
display-name: whenReserveFreeSeat_thenSeatShouldBeReserved()
]]></system-out>
<properties>
<property name="_dummy_" value=""/>
</properties>
</testcase>
<testcase name="whenSaveSeatReservationWithInvalidSeat_thenSeatReservationShouldNotBeSaved" classname="tqsgroup.chuchu.service.SeatReservationServiceTest" time="0" started-at="2024-05-30T17:22:50.498716347" finished-at="2024-05-30T17:22:50.503632762">
<system-out><![CDATA[
unique-id: [engine:junit-jupiter]/[class:tqsgroup.chuchu.service.SeatReservationServiceTest]/[method:whenSaveSeatReservationWithInvalidSeat_thenSeatReservationShouldNotBeSaved()]
display-name: whenSaveSeatReservationWithInvalidSeat_thenSeatReservationShouldNotBeSaved()
]]></system-out>
<properties>
<property name="_dummy_" value=""/>
</properties>
</testcase>
<testcase name="givenSetOfStations_whenFindAll_thenReturnAllStations" classname="tqsgroup.chuchu.repository.StationRepositoryTest" time="1" started-at="2024-05-30T17:22:45.651539697" finished-at="2024-05-30T17:22:47.287441375">
<system-out><![CDATA[
unique-id: [engine:junit-jupiter]/[class:tqsgroup.chuchu.repository.StationRepositoryTest]/[method:givenSetOfStations_whenFindAll_thenReturnAllStations()]
display-name: givenSetOfStations_whenFindAll_thenReturnAllStations()
]]></system-out>
<properties>
<property name="_dummy_" value=""/>
</properties>
</testcase>
<testcase name="whenSaveTicketWithEmptyRoute_thenTicketShouldNotBeSaved" classname="tqsgroup.chuchu.service.TicketServiceTest" time="0" started-at="2024-05-30T17:22:50.274536055" finished-at="2024-05-30T17:22:50.281024604">
<system-out><![CDATA[
unique-id: [engine:junit-jupiter]/[class:tqsgroup.chuchu.service.TicketServiceTest]/[method:whenSaveTicketWithEmptyRoute_thenTicketShouldNotBeSaved()]
display-name: whenSaveTicketWithEmptyRoute_thenTicketShouldNotBeSaved()
]]></system-out>
<properties>
<property name="_dummy_" value=""/>
</properties>
</testcase>
<testcase name="whenGetAllTrains_thenAllTrainsShouldBeReturned" classname="tqsgroup.chuchu.service.TrainServiceTest" time="0" started-at="2024-05-30T17:22:49.576937517" finished-at="2024-05-30T17:22:49.605851375">
<system-out><![CDATA[
unique-id: [engine:junit-jupiter]/[class:tqsgroup.chuchu.service.TrainServiceTest]/[method:whenGetAllTrains_thenAllTrainsShouldBeReturned()]
display-name: whenGetAllTrains_thenAllTrainsShouldBeReturned()
]]></system-out>
<properties>
<property name="_dummy_" value=""/>
</properties>
</testcase>
<testcase name="whenSaveCarriageWithInvalidCapacity_thenCarriageShouldNotBeSaved" classname="tqsgroup.chuchu.service.CarriageServiceTest" time="0" started-at="2024-05-30T17:22:49.800982721" finished-at="2024-05-30T17:22:49.806416926">
<system-out><![CDATA[
unique-id: [engine:junit-jupiter]/[class:tqsgroup.chuchu.service.CarriageServiceTest]/[method:whenSaveCarriageWithInvalidCapacity_thenCarriageShouldNotBeSaved()]
display-name: whenSaveCarriageWithInvalidCapacity_thenCarriageShouldNotBeSaved()
]]></system-out>
<properties>
<property name="_dummy_" value=""/>
</properties>
</testcase>
<system-out><![CDATA[
unique-id: [engine:junit-jupiter]
display-name: JUnit Jupiter
]]></system-out>
</testsuite>
