<?xml version="1.0" encoding="UTF-8"?>
<testsuite name="JUnit Jupiter" tests="71" skipped="0" failures="0" errors="0" time="15" hostname="Tigas" timestamp="2024-05-30T17:42:08">
<properties>
[...]
</properties>
<testcase name="whenFindSeatReservationBySeat_thenSeatReservationShouldBeFound" classname="tqsgroup.chuchu.service.SeatReservationServiceTest" time="0" started-at="2024-05-30T16:42:08.001396307" finished-at="2024-05-30T16:42:08.117881642">
<system-out><![CDATA[
unique-id: [engine:junit-jupiter]/[class:tqsgroup.chuchu.service.SeatReservationServiceTest]/[method:whenFindSeatReservationBySeat_thenSeatReservationShouldBeFound()]
display-name: whenFindSeatReservationBySeat_thenSeatReservationShouldBeFound()
]]></system-out>
<properties>
<property name="_dummy_" value=""/>
</properties>
</testcase>
<testcase name="whenSaveValidSeat_thenSeatIsSaved" classname="tqsgroup.chuchu.service.SeatServiceTest" time="0" started-at="2024-05-30T16:42:07.292066295" finished-at="2024-05-30T16:42:07.318560982">
<system-out><![CDATA[
unique-id: [engine:junit-jupiter]/[class:tqsgroup.chuchu.service.SeatServiceTest]/[method:whenSaveValidSeat_thenSeatIsSaved()]
display-name: whenSaveValidSeat_thenSeatIsSaved()
]]></system-out>
<properties>
<property name="_dummy_" value=""/>
</properties>
</testcase>
<testcase name="whenSearchValidOriginAndDestination_thenConnectionsShouldBeFound" classname="tqsgroup.chuchu.service.ConnectionServiceTest" time="0" started-at="2024-05-30T16:42:07.755020222" finished-at="2024-05-30T16:42:07.756975474">
<system-out><![CDATA[
unique-id: [engine:junit-jupiter]/[class:tqsgroup.chuchu.service.ConnectionServiceTest]/[method:whenSearchValidOriginAndDestination_thenConnectionsShouldBeFound()]
display-name: whenSearchValidOriginAndDestination_thenConnectionsShouldBeFound()
]]></system-out>
<properties>
<property name="_dummy_" value=""/>
</properties>
</testcase>
<testcase name="whenSaveConnectionWithInvalidStations_thenConnectionShouldNotBeSaved" classname="tqsgroup.chuchu.service.ConnectionServiceTest" time="0" started-at="2024-05-30T16:42:07.753375985" finished-at="2024-05-30T16:42:07.754726108">
<system-out><![CDATA[
unique-id: [engine:junit-jupiter]/[class:tqsgroup.chuchu.service.ConnectionServiceTest]/[method:whenSaveConnectionWithInvalidStations_thenConnectionShouldNotBeSaved()]
display-name: whenSaveConnectionWithInvalidStations_thenConnectionShouldNotBeSaved()
]]></system-out>
<properties>
<property name="_dummy_" value=""/>
</properties>
</testcase>
<testcase name="whenFindAllByCarriage_thenSeatsAreReturned" classname="tqsgroup.chuchu.service.SeatServiceTest" time="0" started-at="2024-05-30T16:42:06.746952746" finished-at="2024-05-30T16:42:07.290937298">
<system-out><![CDATA[
unique-id: [engine:junit-jupiter]/[class:tqsgroup.chuchu.service.SeatServiceTest]/[method:whenFindAllByCarriage_thenSeatsAreReturned()]
display-name: whenFindAllByCarriage_thenSeatsAreReturned()
]]></system-out>
<properties>
<property name="_dummy_" value=""/>
</properties>
</testcase>
<testcase name="whenSaveConnectionWithInvalidTimestamps_thenConnectionShouldNotBeSaved" classname="tqsgroup.chuchu.service.ConnectionServiceTest" time="0" started-at="2024-05-30T16:42:07.761909857" finished-at="2024-05-30T16:42:07.763873646">
<system-out><![CDATA[
unique-id: [engine:junit-jupiter]/[class:tqsgroup.chuchu.service.ConnectionServiceTest]/[method:whenSaveConnectionWithInvalidTimestamps_thenConnectionShouldNotBeSaved()]
display-name: whenSaveConnectionWithInvalidTimestamps_thenConnectionShouldNotBeSaved()
]]></system-out>
<properties>
<property name="_dummy_" value=""/>
</properties>
</testcase>
<testcase name="whenSearchValidTrain_thenConnectionsShouldBeFound" classname="tqsgroup.chuchu.service.ConnectionServiceTest" time="0" started-at="2024-05-30T16:42:07.764353723" finished-at="2024-05-30T16:42:07.766734473">
<system-out><![CDATA[
unique-id: [engine:junit-jupiter]/[class:tqsgroup.chuchu.service.ConnectionServiceTest]/[method:whenSearchValidTrain_thenConnectionsShouldBeFound()]
display-name: whenSearchValidTrain_thenConnectionsShouldBeFound()
]]></system-out>
<properties>
<property name="_dummy_" value=""/>
</properties>
</testcase>
<testcase name="whenSearchValidPriceRange_thenConnectionsShouldBeFound" classname="tqsgroup.chuchu.service.ConnectionServiceTest" time="0" started-at="2024-05-30T16:42:07.739845145" finished-at="2024-05-30T16:42:07.742149984">
<system-out><![CDATA[
unique-id: [engine:junit-jupiter]/[class:tqsgroup.chuchu.service.ConnectionServiceTest]/[method:whenSearchValidPriceRange_thenConnectionsShouldBeFound()]
display-name: whenSearchValidPriceRange_thenConnectionsShouldBeFound()
]]></system-out>
<properties>
<property name="_dummy_" value=""/>
</properties>
</testcase>
<testcase name="whenSaveStationWithInvalidName_thenStationShouldNotBeSaved" classname="tqsgroup.chuchu.service.StationServiceTest" time="0" started-at="2024-05-30T16:42:08.28035595" finished-at="2024-05-30T16:42:08.283871848">
<system-out><![CDATA[
unique-id: [engine:junit-jupiter]/[class:tqsgroup.chuchu.service.StationServiceTest]/[method:whenSaveStationWithInvalidName_thenStationShouldNotBeSaved()]
display-name: whenSaveStationWithInvalidName_thenStationShouldNotBeSaved()
]]></system-out>
<properties>
<property name="_dummy_" value=""/>
</properties>
</testcase>
<testcase name="testNeo4jConnection" classname="tqsgroup.chuchu.databases.Neo4jDatabaseTest" time="0" started-at="2024-05-30T16:42:06.541299816" finished-at="2024-05-30T16:42:06.694256059">
<system-out><![CDATA[
unique-id: [engine:junit-jupiter]/[class:tqsgroup.chuchu.databases.Neo4jDatabaseTest]/[method:testNeo4jConnection()]
display-name: testNeo4jConnection()
]]></system-out>
<properties>
<property name="_dummy_" value=""/>
</properties>
</testcase>
<testcase name="whenSearchInvalidDepartureTime_thenConnectionsShouldNotBeFound" classname="tqsgroup.chuchu.service.ConnectionServiceTest" time="0" started-at="2024-05-30T16:42:07.790237991" finished-at="2024-05-30T16:42:07.792511549">
<system-out><![CDATA[
unique-id: [engine:junit-jupiter]/[class:tqsgroup.chuchu.service.ConnectionServiceTest]/[method:whenSearchInvalidDepartureTime_thenConnectionsShouldNotBeFound()]
display-name: whenSearchInvalidDepartureTime_thenConnectionsShouldNotBeFound()
]]></system-out>
<properties>
<property name="_dummy_" value=""/>
</properties>
</testcase>
<testcase name="whenSearchEmptyName_thenStationShouldNotBeFound" classname="tqsgroup.chuchu.service.StationServiceTest" time="0" started-at="2024-05-30T16:42:08.265798933" finished-at="2024-05-30T16:42:08.26903653">
<system-out><![CDATA[
unique-id: [engine:junit-jupiter]/[class:tqsgroup.chuchu.service.StationServiceTest]/[method:whenSearchEmptyName_thenStationShouldNotBeFound()]
display-name: whenSearchEmptyName_thenStationShouldNotBeFound()
]]></system-out>
<properties>
<property name="_dummy_" value=""/>
</properties>
</testcase>
<testcase name="whenFindByName_thenReturnStation" classname="tqsgroup.chuchu.repository.StationRepositoryTest" time="0" started-at="2024-05-30T16:42:05.721051612" finished-at="2024-05-30T16:42:05.920495724">
<system-out><![CDATA[
unique-id: [engine:junit-jupiter]/[class:tqsgroup.chuchu.repository.StationRepositoryTest]/[method:whenFindByName_thenReturnStation()]
display-name: whenFindByName_thenReturnStation()
]]></system-out>
<properties>
<property name="_dummy_" value=""/>
</properties>
</testcase>
<testcase name="whenSearchValidOriginAndLineNumber_thenConnectionsShouldBeFound" classname="tqsgroup.chuchu.service.ConnectionServiceTest" time="0" started-at="2024-05-30T16:42:07.65805957" finished-at="2024-05-30T16:42:07.739344796">
<system-out><![CDATA[
unique-id: [engine:junit-jupiter]/[class:tqsgroup.chuchu.service.ConnectionServiceTest]/[method:whenSearchValidOriginAndLineNumber_thenConnectionsShouldBeFound()]
display-name: whenSearchValidOriginAndLineNumber_thenConnectionsShouldBeFound()
]]></system-out>
<properties>
<property name="_dummy_" value=""/>
</properties>
</testcase>
<testcase name="whenSearchInvalidTrain_thenConnectionsShouldNotBeFound" classname="tqsgroup.chuchu.service.ConnectionServiceTest" time="0" started-at="2024-05-30T16:42:07.751184762" finished-at="2024-05-30T16:42:07.753107742">
<system-out><![CDATA[
unique-id: [engine:junit-jupiter]/[class:tqsgroup.chuchu.service.ConnectionServiceTest]/[method:whenSearchInvalidTrain_thenConnectionsShouldNotBeFound()]
display-name: whenSearchInvalidTrain_thenConnectionsShouldNotBeFound()
]]></system-out>
<properties>
<property name="_dummy_" value=""/>
</properties>
</testcase>
<testcase name="whenSearchInvalidArrivalTime_thenConnectionsShouldNotBeFound" classname="tqsgroup.chuchu.service.ConnectionServiceTest" time="0" started-at="2024-05-30T16:42:07.773928262" finished-at="2024-05-30T16:42:07.775879554">
<system-out><![CDATA[
unique-id: [engine:junit-jupiter]/[class:tqsgroup.chuchu.service.ConnectionServiceTest]/[method:whenSearchInvalidArrivalTime_thenConnectionsShouldNotBeFound()]
display-name: whenSearchInvalidArrivalTime_thenConnectionsShouldNotBeFound()
]]></system-out>
<properties>
<property name="_dummy_" value=""/>
</properties>
</testcase>
<testcase name="whenSaveConnectionWithInvalidPrice_thenConnectionShouldNotBeSaved" classname="tqsgroup.chuchu.service.ConnectionServiceTest" time="0" started-at="2024-05-30T16:42:07.74866274" finished-at="2024-05-30T16:42:07.750844996">
<system-out><![CDATA[
unique-id: [engine:junit-jupiter]/[class:tqsgroup.chuchu.service.ConnectionServiceTest]/[method:whenSaveConnectionWithInvalidPrice_thenConnectionShouldNotBeSaved()]
display-name: whenSaveConnectionWithInvalidPrice_thenConnectionShouldNotBeSaved()
]]></system-out>
<properties>
<property name="_dummy_" value=""/>
</properties>
</testcase>
<testcase name="whenSaveTrainWithInvalidNumber_thenTrainShouldNotBeSaved" classname="tqsgroup.chuchu.service.TrainServiceTest" time="0" started-at="2024-05-30T16:42:07.509834917" finished-at="2024-05-30T16:42:07.513656624">
<system-out><![CDATA[
unique-id: [engine:junit-jupiter]/[class:tqsgroup.chuchu.service.TrainServiceTest]/[method:whenSaveTrainWithInvalidNumber_thenTrainShouldNotBeSaved()]
display-name: whenSaveTrainWithInvalidNumber_thenTrainShouldNotBeSaved()
]]></system-out>
<properties>
<property name="_dummy_" value=""/>
</properties>
</testcase>
<testcase name="whenFindByUserId_thenTicketShouldBeReturned" classname="tqsgroup.chuchu.service.TicketServiceTest" time="0" started-at="2024-05-30T16:42:07.982519529" finished-at="2024-05-30T16:42:07.986271118">
<system-out><![CDATA[
unique-id: [engine:junit-jupiter]/[class:tqsgroup.chuchu.service.TicketServiceTest]/[method:whenFindByUserId_thenTicketShouldBeReturned()]
display-name: whenFindByUserId_thenTicketShouldBeReturned()
]]></system-out>
<properties>
<property name="_dummy_" value=""/>
</properties>
</testcase>
<testcase name="whenSearchValidOrigin_thenConnectionsShouldBeFound" classname="tqsgroup.chuchu.service.ConnectionServiceTest" time="0" started-at="2024-05-30T16:42:07.781912547" finished-at="2024-05-30T16:42:07.785007084">
<system-out><![CDATA[
unique-id: [engine:junit-jupiter]/[class:tqsgroup.chuchu.service.ConnectionServiceTest]/[method:whenSearchValidOrigin_thenConnectionsShouldBeFound()]
display-name: whenSearchValidOrigin_thenConnectionsShouldBeFound()
]]></system-out>
<properties>
<property name="_dummy_" value=""/>
</properties>
</testcase>
<testcase name="whenSaveTicketWithInvalidRoute_thenTicketShouldNotBeSaved" classname="tqsgroup.chuchu.service.TicketServiceTest" time="0" started-at="2024-05-30T16:42:07.957821633" finished-at="2024-05-30T16:42:07.96832443">
<system-out><![CDATA[
unique-id: [engine:junit-jupiter]/[class:tqsgroup.chuchu.service.TicketServiceTest]/[method:whenSaveTicketWithInvalidRoute_thenTicketShouldNotBeSaved()]
display-name: whenSaveTicketWithInvalidRoute_thenTicketShouldNotBeSaved()
]]></system-out>
<properties>
<property name="_dummy_" value=""/>
</properties>
</testcase>
<testcase name="whenReleaseReservedSeat_thenSeatShouldBeReleased" classname="tqsgroup.chuchu.service.SeatReservationServiceTest" time="0" started-at="2024-05-30T16:42:08.122789092" finished-at="2024-05-30T16:42:08.127822908">
<system-out><![CDATA[
unique-id: [engine:junit-jupiter]/[class:tqsgroup.chuchu.service.SeatReservationServiceTest]/[method:whenReleaseReservedSeat_thenSeatShouldBeReleased()]
display-name: whenReleaseReservedSeat_thenSeatShouldBeReleased()
]]></system-out>
<properties>
<property name="_dummy_" value=""/>
</properties>
</testcase>
<testcase name="whenSearchNonExistingName_thenStationShouldNotBeFound" classname="tqsgroup.chuchu.service.StationServiceTest" time="0" started-at="2024-05-30T16:42:08.262415098" finished-at="2024-05-30T16:42:08.26533214">
<system-out><![CDATA[
unique-id: [engine:junit-jupiter]/[class:tqsgroup.chuchu.service.StationServiceTest]/[method:whenSearchNonExistingName_thenStationShouldNotBeFound()]
display-name: whenSearchNonExistingName_thenStationShouldNotBeFound()
]]></system-out>
<properties>
<property name="_dummy_" value=""/>
</properties>
</testcase>
<testcase name="whenSearchValidArrivalTime_thenConnectionsShouldBeFound" classname="tqsgroup.chuchu.service.ConnectionServiceTest" time="0" started-at="2024-05-30T16:42:07.745136649" finished-at="2024-05-30T16:42:07.748181333">
<system-out><![CDATA[
unique-id: [engine:junit-jupiter]/[class:tqsgroup.chuchu.service.ConnectionServiceTest]/[method:whenSearchValidArrivalTime_thenConnectionsShouldBeFound()]
display-name: whenSearchValidArrivalTime_thenConnectionsShouldBeFound()
]]></system-out>
<properties>
<property name="_dummy_" value=""/>
</properties>
</testcase>
<testcase name="whenSearchValidName_thenStationShouldBeFound" classname="tqsgroup.chuchu.service.StationServiceTest" time="0" started-at="2024-05-30T16:42:08.276777517" finished-at="2024-05-30T16:42:08.279531126">
<system-out><![CDATA[
unique-id: [engine:junit-jupiter]/[class:tqsgroup.chuchu.service.StationServiceTest]/[method:whenSearchValidName_thenStationShouldBeFound()]
display-name: whenSearchValidName_thenStationShouldBeFound()
]]></system-out>
<properties>
<property name="_dummy_" value=""/>
</properties>
</testcase>
<testcase name="whenSaveSeatWithoutCarriage_thenSeatIsNotSaved" classname="tqsgroup.chuchu.service.SeatServiceTest" time="0" started-at="2024-05-30T16:42:07.319269958" finished-at="2024-05-30T16:42:07.344247048">
<system-out><![CDATA[
unique-id: [engine:junit-jupiter]/[class:tqsgroup.chuchu.service.SeatServiceTest]/[method:whenSaveSeatWithoutCarriage_thenSeatIsNotSaved()]
display-name: whenSaveSeatWithoutCarriage_thenSeatIsNotSaved()
]]></system-out>
<properties>
<property name="_dummy_" value=""/>
</properties>
</testcase>
<testcase name="whenSaveStationWithValidName_thenStationShouldBeSaved" classname="tqsgroup.chuchu.service.StationServiceTest" time="0" started-at="2024-05-30T16:42:08.269697712" finished-at="2024-05-30T16:42:08.272999689">
<system-out><![CDATA[
unique-id: [engine:junit-jupiter]/[class:tqsgroup.chuchu.service.StationServiceTest]/[method:whenSaveStationWithValidName_thenStationShouldBeSaved()]
display-name: whenSaveStationWithValidName_thenStationShouldBeSaved()
]]></system-out>
<properties>
<property name="_dummy_" value=""/>
</properties>
</testcase>
<testcase name="whenSaveValidSeatReservation_thenSeatReservationShouldBeSaved" classname="tqsgroup.chuchu.service.SeatReservationServiceTest" time="0" started-at="2024-05-30T16:42:08.118750027" finished-at="2024-05-30T16:42:08.122129531">
<system-out><![CDATA[
unique-id: [engine:junit-jupiter]/[class:tqsgroup.chuchu.service.SeatReservationServiceTest]/[method:whenSaveValidSeatReservation_thenSeatReservationShouldBeSaved()]
display-name: whenSaveValidSeatReservation_thenSeatReservationShouldBeSaved()
]]></system-out>
<properties>
<property name="_dummy_" value=""/>
</properties>
</testcase>
<testcase name="whenSearchInvalidOriginAndDestination_thenConnectionsShouldNotBeFound" classname="tqsgroup.chuchu.service.ConnectionServiceTest" time="0" started-at="2024-05-30T16:42:07.757293272" finished-at="2024-05-30T16:42:07.759316173">
<system-out><![CDATA[
unique-id: [engine:junit-jupiter]/[class:tqsgroup.chuchu.service.ConnectionServiceTest]/[method:whenSearchInvalidOriginAndDestination_thenConnectionsShouldNotBeFound()]
display-name: whenSearchInvalidOriginAndDestination_thenConnectionsShouldNotBeFound()
]]></system-out>
<properties>
<property name="_dummy_" value=""/>
</properties>
</testcase>
<testcase name="whenSearchInvalidPriceRange_thenException" classname="tqsgroup.chuchu.service.ConnectionServiceTest" time="0" started-at="2024-05-30T16:42:07.788146326" finished-at="2024-05-30T16:42:07.789879406">
<system-out><![CDATA[
unique-id: [engine:junit-jupiter]/[class:tqsgroup.chuchu.service.ConnectionServiceTest]/[method:whenSearchInvalidPriceRange_thenException()]
display-name: whenSearchInvalidPriceRange_thenException()
]]></system-out>
<properties>
<property name="_dummy_" value=""/>
</properties>
</testcase>
<testcase name="whenSearchInvalidOrigin_thenConnectionsShouldNotBeFound" classname="tqsgroup.chuchu.service.ConnectionServiceTest" time="0" started-at="2024-05-30T16:42:07.742493421" finished-at="2024-05-30T16:42:07.744684904">
<system-out><![CDATA[
unique-id: [engine:junit-jupiter]/[class:tqsgroup.chuchu.service.ConnectionServiceTest]/[method:whenSearchInvalidOrigin_thenConnectionsShouldNotBeFound()]
display-name: whenSearchInvalidOrigin_thenConnectionsShouldNotBeFound()
]]></system-out>
<properties>
<property name="_dummy_" value=""/>
</properties>
</testcase>
<testcase name="whenSearchInvalidDestination_thenConnectionsShouldNotBeFound" classname="tqsgroup.chuchu.service.ConnectionServiceTest" time="0" started-at="2024-05-30T16:42:07.767104225" finished-at="2024-05-30T16:42:07.769258327">
<system-out><![CDATA[
unique-id: [engine:junit-jupiter]/[class:tqsgroup.chuchu.service.ConnectionServiceTest]/[method:whenSearchInvalidDestination_thenConnectionsShouldNotBeFound()]
display-name: whenSearchInvalidDestination_thenConnectionsShouldNotBeFound()
]]></system-out>
<properties>
<property name="_dummy_" value=""/>
</properties>
</testcase>
<testcase name="testMultiDataSource" classname="tqsgroup.chuchu.databases.MultiDataSourceTest" time="0" started-at="2024-05-30T16:42:06.037955466" finished-at="2024-05-30T16:42:06.525124493">
<system-out><![CDATA[
unique-id: [engine:junit-jupiter]/[class:tqsgroup.chuchu.databases.MultiDataSourceTest]/[method:testMultiDataSource()]
display-name: testMultiDataSource()
]]></system-out>
<properties>
<property name="_dummy_" value=""/>
</properties>
</testcase>
<testcase name="whenGetAllCarriages_thenAllCarriagesShouldBeReturned" classname="tqsgroup.chuchu.service.CarriageServiceTest" time="0" started-at="2024-05-30T16:42:07.631293465" finished-at="2024-05-30T16:42:07.634611814">
<system-out><![CDATA[
unique-id: [engine:junit-jupiter]/[class:tqsgroup.chuchu.service.CarriageServiceTest]/[method:whenGetAllCarriages_thenAllCarriagesShouldBeReturned()]
display-name: whenGetAllCarriages_thenAllCarriagesShouldBeReturned()
]]></system-out>
<properties>
<property name="_dummy_" value=""/>
</properties>
</testcase>
<testcase name="whenSaveSeatReservationWithInvalidConnection_thenSeatReservationShouldNotBeSaved" classname="tqsgroup.chuchu.service.SeatReservationServiceTest" time="0" started-at="2024-05-30T16:42:08.160556429" finished-at="2024-05-30T16:42:08.162736265">
<system-out><![CDATA[
unique-id: [engine:junit-jupiter]/[class:tqsgroup.chuchu.service.SeatReservationServiceTest]/[method:whenSaveSeatReservationWithInvalidConnection_thenSeatReservationShouldNotBeSaved()]
display-name: whenSaveSeatReservationWithInvalidConnection_thenSeatReservationShouldNotBeSaved()
]]></system-out>
<properties>
<property name="_dummy_" value=""/>
</properties>
</testcase>
<testcase name="whenSaveValidConnection_thenConnectionShouldBeSaved" classname="tqsgroup.chuchu.service.ConnectionServiceTest" time="0" started-at="2024-05-30T16:42:07.759678382" finished-at="2024-05-30T16:42:07.761465013">
<system-out><![CDATA[
unique-id: [engine:junit-jupiter]/[class:tqsgroup.chuchu.service.ConnectionServiceTest]/[method:whenSaveValidConnection_thenConnectionShouldBeSaved()]
display-name: whenSaveValidConnection_thenConnectionShouldBeSaved()
]]></system-out>
<properties>
<property name="_dummy_" value=""/>
</properties>
</testcase>
<testcase name="whenSearchValidDepartureTime_thenConnectionsShouldBeFound" classname="tqsgroup.chuchu.service.ConnectionServiceTest" time="0" started-at="2024-05-30T16:42:07.778506551" finished-at="2024-05-30T16:42:07.781057986">
<system-out><![CDATA[
unique-id: [engine:junit-jupiter]/[class:tqsgroup.chuchu.service.ConnectionServiceTest]/[method:whenSearchValidDepartureTime_thenConnectionsShouldBeFound()]
display-name: whenSearchValidDepartureTime_thenConnectionsShouldBeFound()
]]></system-out>
<properties>
<property name="_dummy_" value=""/>
</properties>
</testcase>
<testcase name="whenSearchValidNumber_thenTrainShouldBeFound" classname="tqsgroup.chuchu.service.TrainServiceTest" time="0" started-at="2024-05-30T16:42:07.498886806" finished-at="2024-05-30T16:42:07.509322942">
<system-out><![CDATA[
unique-id: [engine:junit-jupiter]/[class:tqsgroup.chuchu.service.TrainServiceTest]/[method:whenSearchValidNumber_thenTrainShouldBeFound()]
display-name: whenSearchValidNumber_thenTrainShouldBeFound()
]]></system-out>
<properties>
<property name="_dummy_" value=""/>
</properties>
</testcase>
<testcase name="whenSearchNonExistingType_thenCarriageShouldNotBeFound" classname="tqsgroup.chuchu.service.CarriageServiceTest" time="0" started-at="2024-05-30T16:42:07.53631937" finished-at="2024-05-30T16:42:07.623492815">
<system-out><![CDATA[
unique-id: [engine:junit-jupiter]/[class:tqsgroup.chuchu.service.CarriageServiceTest]/[method:whenSearchNonExistingType_thenCarriageShouldNotBeFound()]
display-name: whenSearchNonExistingType_thenCarriageShouldNotBeFound()
]]></system-out>
<properties>
<property name="_dummy_" value=""/>
</properties>
</testcase>
<testcase name="whenSaveTrainWithValidNumber_thenTrainShouldBeSaved" classname="tqsgroup.chuchu.service.TrainServiceTest" time="0" started-at="2024-05-30T16:42:07.514517753" finished-at="2024-05-30T16:42:07.518947134">
<system-out><![CDATA[
unique-id: [engine:junit-jupiter]/[class:tqsgroup.chuchu.service.TrainServiceTest]/[method:whenSaveTrainWithValidNumber_thenTrainShouldBeSaved()]
display-name: whenSaveTrainWithValidNumber_thenTrainShouldBeSaved()
]]></system-out>
<properties>
<property name="_dummy_" value=""/>
</properties>
</testcase>
<testcase name="whenGetAllStations_thenAllStationsShouldBeReturned" classname="tqsgroup.chuchu.service.StationServiceTest" time="0" started-at="2024-05-30T16:42:08.284395921" finished-at="2024-05-30T16:42:08.28762751">
<system-out><![CDATA[
unique-id: [engine:junit-jupiter]/[class:tqsgroup.chuchu.service.StationServiceTest]/[method:whenGetAllStations_thenAllStationsShouldBeReturned()]
display-name: whenGetAllStations_thenAllStationsShouldBeReturned()
]]></system-out>
<properties>
<property name="_dummy_" value=""/>
</properties>
</testcase>
<testcase name="whenSaveTrainWithNonUniqueNumber_thenTrainShouldNotBeSaved" classname="tqsgroup.chuchu.service.TrainServiceTest" time="0" started-at="2024-05-30T16:42:07.476487519" finished-at="2024-05-30T16:42:07.480393426">
<system-out><![CDATA[
unique-id: [engine:junit-jupiter]/[class:tqsgroup.chuchu.service.TrainServiceTest]/[method:whenSaveTrainWithNonUniqueNumber_thenTrainShouldNotBeSaved()]
display-name: whenSaveTrainWithNonUniqueNumber_thenTrainShouldNotBeSaved()
]]></system-out>
<properties>
<property name="_dummy_" value=""/>
</properties>
</testcase>
<testcase name="whenFindByNumberAndCarriage_thenSeatIsReturned" classname="tqsgroup.chuchu.service.SeatServiceTest" time="0" started-at="2024-05-30T16:42:07.350571421" finished-at="2024-05-30T16:42:07.356438532">
<system-out><![CDATA[
unique-id: [engine:junit-jupiter]/[class:tqsgroup.chuchu.service.SeatServiceTest]/[method:whenFindByNumberAndCarriage_thenSeatIsReturned()]
display-name: whenFindByNumberAndCarriage_thenSeatIsReturned()
]]></system-out>
<properties>
<property name="_dummy_" value=""/>
</properties>
</testcase>
<testcase name="whenSearchValidType_thenCarriageShouldBeFound" classname="tqsgroup.chuchu.service.CarriageServiceTest" time="0" started-at="2024-05-30T16:42:07.624207587" finished-at="2024-05-30T16:42:07.627750902">
<system-out><![CDATA[
unique-id: [engine:junit-jupiter]/[class:tqsgroup.chuchu.service.CarriageServiceTest]/[method:whenSearchValidType_thenCarriageShouldBeFound()]
display-name: whenSearchValidType_thenCarriageShouldBeFound()
]]></system-out>
<properties>
<property name="_dummy_" value=""/>
</properties>
</testcase>
<testcase name="whenSaveConnectionWithInvalidLineNumber_thenConnectionShouldNotBeSaved" classname="tqsgroup.chuchu.service.ConnectionServiceTest" time="0" started-at="2024-05-30T16:42:07.769549431" finished-at="2024-05-30T16:42:07.771116776">
<system-out><![CDATA[
unique-id: [engine:junit-jupiter]/[class:tqsgroup.chuchu.service.ConnectionServiceTest]/[method:whenSaveConnectionWithInvalidLineNumber_thenConnectionShouldNotBeSaved()]
display-name: whenSaveConnectionWithInvalidLineNumber_thenConnectionShouldNotBeSaved()
]]></system-out>
<properties>
<property name="_dummy_" value=""/>
</properties>
</testcase>
<testcase name="whenReserveOccupiedSeat_thenSeatShouldNotBeReserved" classname="tqsgroup.chuchu.service.SeatReservationServiceTest" time="0" started-at="2024-05-30T16:42:08.157729808" finished-at="2024-05-30T16:42:08.160085325">
<system-out><![CDATA[
unique-id: [engine:junit-jupiter]/[class:tqsgroup.chuchu.service.SeatReservationServiceTest]/[method:whenReserveOccupiedSeat_thenSeatShouldNotBeReserved()]
display-name: whenReserveOccupiedSeat_thenSeatShouldNotBeReserved()
]]></system-out>
<properties>
<property name="_dummy_" value=""/>
</properties>
</testcase>
<testcase name="whenSearchInvalidNumber_thenTrainShouldNotBeFound" classname="tqsgroup.chuchu.service.TrainServiceTest" time="0" started-at="2024-05-30T16:42:07.519443839" finished-at="2024-05-30T16:42:07.522142214">
<system-out><![CDATA[
unique-id: [engine:junit-jupiter]/[class:tqsgroup.chuchu.service.TrainServiceTest]/[method:whenSearchInvalidNumber_thenTrainShouldNotBeFound()]
display-name: whenSearchInvalidNumber_thenTrainShouldNotBeFound()
]]></system-out>
<properties>
<property name="_dummy_" value=""/>
</properties>
</testcase>
<testcase name="whenSaveValidCarriage_thenCarriageShouldBeSaved" classname="tqsgroup.chuchu.service.CarriageServiceTest" time="0" started-at="2024-05-30T16:42:07.628152621" finished-at="2024-05-30T16:42:07.630906424">
<system-out><![CDATA[
unique-id: [engine:junit-jupiter]/[class:tqsgroup.chuchu.service.CarriageServiceTest]/[method:whenSaveValidCarriage_thenCarriageShouldBeSaved()]
display-name: whenSaveValidCarriage_thenCarriageShouldBeSaved()
]]></system-out>
<properties>
<property name="_dummy_" value=""/>
</properties>
</testcase>
<testcase name="whenSaveStationWithInvalidNumberOfLines_thenStationShouldNotBeSaved" classname="tqsgroup.chuchu.service.StationServiceTest" time="0" started-at="2024-05-30T16:42:08.273552568" finished-at="2024-05-30T16:42:08.276321013">
<system-out><![CDATA[
unique-id: [engine:junit-jupiter]/[class:tqsgroup.chuchu.service.StationServiceTest]/[method:whenSaveStationWithInvalidNumberOfLines_thenStationShouldNotBeSaved()]
display-name: whenSaveStationWithInvalidNumberOfLines_thenStationShouldNotBeSaved()
]]></system-out>
<properties>
<property name="_dummy_" value=""/>
</properties>
</testcase>
<testcase name="whenGetAllTickets_thenAllTicketsShouldBeReturned" classname="tqsgroup.chuchu.service.TicketServiceTest" time="0" started-at="2024-05-30T16:42:07.804730803" finished-at="2024-05-30T16:42:07.953801643">
<system-out><![CDATA[
unique-id: [engine:junit-jupiter]/[class:tqsgroup.chuchu.service.TicketServiceTest]/[method:whenGetAllTickets_thenAllTicketsShouldBeReturned()]
display-name: whenGetAllTickets_thenAllTicketsShouldBeReturned()
]]></system-out>
<properties>
<property name="_dummy_" value=""/>
</properties>
</testcase>
<testcase name="whenSearchInvalidOriginAndLineNumber_thenConnectionsShouldNotBeFound" classname="tqsgroup.chuchu.service.ConnectionServiceTest" time="0" started-at="2024-05-30T16:42:07.771385572" finished-at="2024-05-30T16:42:07.773222142">
<system-out><![CDATA[
unique-id: [engine:junit-jupiter]/[class:tqsgroup.chuchu.service.ConnectionServiceTest]/[method:whenSearchInvalidOriginAndLineNumber_thenConnectionsShouldNotBeFound()]
display-name: whenSearchInvalidOriginAndLineNumber_thenConnectionsShouldNotBeFound()
]]></system-out>
<properties>
<property name="_dummy_" value=""/>
</properties>
</testcase>
<testcase name="whenSearchValidDestination_thenConnectionsShouldBeFound" classname="tqsgroup.chuchu.service.ConnectionServiceTest" time="0" started-at="2024-05-30T16:42:07.776294976" finished-at="2024-05-30T16:42:07.778246503">
<system-out><![CDATA[
unique-id: [engine:junit-jupiter]/[class:tqsgroup.chuchu.service.ConnectionServiceTest]/[method:whenSearchValidDestination_thenConnectionsShouldBeFound()]
display-name: whenSearchValidDestination_thenConnectionsShouldBeFound()
]]></system-out>
<properties>
<property name="_dummy_" value=""/>
</properties>
</testcase>
<testcase name="testConnection" classname="tqsgroup.chuchu.databases.PostgresDatabaseTest" time="0" started-at="2024-05-30T16:42:06.709689418" finished-at="2024-05-30T16:42:06.731278267">
<system-out><![CDATA[
unique-id: [engine:junit-jupiter]/[class:tqsgroup.chuchu.databases.PostgresDatabaseTest]/[method:testConnection()]
display-name: testConnection()
]]></system-out>
<properties>
<property name="_dummy_" value=""/>
</properties>
</testcase>
<testcase name="whenSaveStationWithNonUniqueName_thenStationShouldNotBeSaved" classname="tqsgroup.chuchu.service.StationServiceTest" time="0" started-at="2024-05-30T16:42:08.176033154" finished-at="2024-05-30T16:42:08.261902101">
<system-out><![CDATA[
unique-id: [engine:junit-jupiter]/[class:tqsgroup.chuchu.service.StationServiceTest]/[method:whenSaveStationWithNonUniqueName_thenStationShouldNotBeSaved()]
display-name: whenSaveStationWithNonUniqueName_thenStationShouldNotBeSaved()
]]></system-out>
<properties>
<property name="_dummy_" value=""/>
</properties>
</testcase>
<testcase name="whenSaveCarriageWithInvalidType_thenCarriageShouldNotBeSaved" classname="tqsgroup.chuchu.service.CarriageServiceTest" time="0" started-at="2024-05-30T16:42:07.635059362" finished-at="2024-05-30T16:42:07.638260248">
<system-out><![CDATA[
unique-id: [engine:junit-jupiter]/[class:tqsgroup.chuchu.service.CarriageServiceTest]/[method:whenSaveCarriageWithInvalidType_thenCarriageShouldNotBeSaved()]
display-name: whenSaveCarriageWithInvalidType_thenCarriageShouldNotBeSaved()
]]></system-out>
<properties>
<property name="_dummy_" value=""/>
</properties>
</testcase>
<testcase name="whenSearchValidTrain_thenCarriageShouldBeFound" classname="tqsgroup.chuchu.service.CarriageServiceTest" time="0" started-at="2024-05-30T16:42:07.641908091" finished-at="2024-05-30T16:42:07.644850512">
<system-out><![CDATA[
unique-id: [engine:junit-jupiter]/[class:tqsgroup.chuchu.service.CarriageServiceTest]/[method:whenSearchValidTrain_thenCarriageShouldBeFound()]
display-name: whenSearchValidTrain_thenCarriageShouldBeFound()
]]></system-out>
<properties>
<property name="_dummy_" value=""/>
</properties>
</testcase>
<testcase name="whenFindSeatReservationByInvalidSeat_thenSeatReservationShouldNotBeFound" classname="tqsgroup.chuchu.service.SeatReservationServiceTest" time="0" started-at="2024-05-30T16:42:08.135542294" finished-at="2024-05-30T16:42:08.139558616">
<system-out><![CDATA[
unique-id: [engine:junit-jupiter]/[class:tqsgroup.chuchu.service.SeatReservationServiceTest]/[method:whenFindSeatReservationByInvalidSeat_thenSeatReservationShouldNotBeFound()]
display-name: whenFindSeatReservationByInvalidSeat_thenSeatReservationShouldNotBeFound()
]]></system-out>
<properties>
<property name="_dummy_" value=""/>
</properties>
</testcase>
<testcase name="whenFindAllSeatReservationsByConnection_thenSeatReservationsShouldBeFound" classname="tqsgroup.chuchu.service.SeatReservationServiceTest" time="0" started-at="2024-05-30T16:42:08.140286842" finished-at="2024-05-30T16:42:08.142974615">
<system-out><![CDATA[
unique-id: [engine:junit-jupiter]/[class:tqsgroup.chuchu.service.SeatReservationServiceTest]/[method:whenFindAllSeatReservationsByConnection_thenSeatReservationsShouldBeFound()]
display-name: whenFindAllSeatReservationsByConnection_thenSeatReservationsShouldBeFound()
]]></system-out>
<properties>
<property name="_dummy_" value=""/>
</properties>
</testcase>
<testcase name="whenFindByInvalidName_thenReturnNull" classname="tqsgroup.chuchu.repository.StationRepositoryTest" time="0" started-at="2024-05-30T16:42:05.921596513" finished-at="2024-05-30T16:42:06.00428285">
<system-out><![CDATA[
unique-id: [engine:junit-jupiter]/[class:tqsgroup.chuchu.repository.StationRepositoryTest]/[method:whenFindByInvalidName_thenReturnNull()]
display-name: whenFindByInvalidName_thenReturnNull()
]]></system-out>
<properties>
<property name="_dummy_" value=""/>
</properties>
</testcase>
<testcase name="whenSaveSeatWithInvalidNumber_thenSeatIsNotSaved" classname="tqsgroup.chuchu.service.SeatServiceTest" time="0" started-at="2024-05-30T16:42:07.345331304" finished-at="2024-05-30T16:42:07.34954564">
<system-out><![CDATA[
unique-id: [engine:junit-jupiter]/[class:tqsgroup.chuchu.service.SeatServiceTest]/[method:whenSaveSeatWithInvalidNumber_thenSeatIsNotSaved()]
display-name: whenSaveSeatWithInvalidNumber_thenSeatIsNotSaved()
]]></system-out>
<properties>
<property name="_dummy_" value=""/>
</properties>
</testcase>
<testcase name="whenSaveValidTicket_thenTicketShouldBeSaved" classname="tqsgroup.chuchu.service.TicketServiceTest" time="0" started-at="2024-05-30T16:42:07.969390166" finished-at="2024-05-30T16:42:07.976148308">
<system-out><![CDATA[
unique-id: [engine:junit-jupiter]/[class:tqsgroup.chuchu.service.TicketServiceTest]/[method:whenSaveValidTicket_thenTicketShouldBeSaved()]
display-name: whenSaveValidTicket_thenTicketShouldBeSaved()
]]></system-out>
<properties>
<property name="_dummy_" value=""/>
</properties>
</testcase>
<testcase name="whenSearchAllConnections_thenAllConnectionsShouldBeFound" classname="tqsgroup.chuchu.service.ConnectionServiceTest" time="0" started-at="2024-05-30T16:42:07.785583257" finished-at="2024-05-30T16:42:07.787722831">
<system-out><![CDATA[
unique-id: [engine:junit-jupiter]/[class:tqsgroup.chuchu.service.ConnectionServiceTest]/[method:whenSearchAllConnections_thenAllConnectionsShouldBeFound()]
display-name: whenSearchAllConnections_thenAllConnectionsShouldBeFound()
]]></system-out>
<properties>
<property name="_dummy_" value=""/>
</properties>
</testcase>
<testcase name="whenSearchNonExistingNumber_thenTrainShouldNotBeFound" classname="tqsgroup.chuchu.service.TrainServiceTest" time="0" started-at="2024-05-30T16:42:07.370508815" finished-at="2024-05-30T16:42:07.475997964">
<system-out><![CDATA[
unique-id: [engine:junit-jupiter]/[class:tqsgroup.chuchu.service.TrainServiceTest]/[method:whenSearchNonExistingNumber_thenTrainShouldNotBeFound()]
display-name: whenSearchNonExistingNumber_thenTrainShouldNotBeFound()
]]></system-out>
<properties>
<property name="_dummy_" value=""/>
</properties>
</testcase>
<testcase name="whenFindAllSeatReservationsByInvalidConnection_thenSeatReservationsShouldNotBeFound" classname="tqsgroup.chuchu.service.SeatReservationServiceTest" time="0" started-at="2024-05-30T16:42:08.143542481" finished-at="2024-05-30T16:42:08.146374318">
<system-out><![CDATA[
unique-id: [engine:junit-jupiter]/[class:tqsgroup.chuchu.service.SeatReservationServiceTest]/[method:whenFindAllSeatReservationsByInvalidConnection_thenSeatReservationsShouldNotBeFound()]
display-name: whenFindAllSeatReservationsByInvalidConnection_thenSeatReservationsShouldNotBeFound()
]]></system-out>
<properties>
<property name="_dummy_" value=""/>
</properties>
</testcase>
<testcase name="whenReleaseFreeSeat_thenSeatShouldNotBeReleased" classname="tqsgroup.chuchu.service.SeatReservationServiceTest" time="0" started-at="2024-05-30T16:42:08.147269983" finished-at="2024-05-30T16:42:08.1533347">
<system-out><![CDATA[
unique-id: [engine:junit-jupiter]/[class:tqsgroup.chuchu.service.SeatReservationServiceTest]/[method:whenReleaseFreeSeat_thenSeatShouldNotBeReleased()]
display-name: whenReleaseFreeSeat_thenSeatShouldNotBeReleased()
]]></system-out>
<properties>
<property name="_dummy_" value=""/>
</properties>
</testcase>
<testcase name="whenReserveFreeSeat_thenSeatShouldBeReserved" classname="tqsgroup.chuchu.service.SeatReservationServiceTest" time="0" started-at="2024-05-30T16:42:08.153912859" finished-at="2024-05-30T16:42:08.157211096">
<system-out><![CDATA[
unique-id: [engine:junit-jupiter]/[class:tqsgroup.chuchu.service.SeatReservationServiceTest]/[method:whenReserveFreeSeat_thenSeatShouldBeReserved()]
display-name: whenReserveFreeSeat_thenSeatShouldBeReserved()
]]></system-out>
<properties>
<property name="_dummy_" value=""/>
</properties>
</testcase>
<testcase name="whenSaveSeatReservationWithInvalidSeat_thenSeatReservationShouldNotBeSaved" classname="tqsgroup.chuchu.service.SeatReservationServiceTest" time="0" started-at="2024-05-30T16:42:08.128928761" finished-at="2024-05-30T16:42:08.134449756">
<system-out><![CDATA[
unique-id: [engine:junit-jupiter]/[class:tqsgroup.chuchu.service.SeatReservationServiceTest]/[method:whenSaveSeatReservationWithInvalidSeat_thenSeatReservationShouldNotBeSaved()]
display-name: whenSaveSeatReservationWithInvalidSeat_thenSeatReservationShouldNotBeSaved()
]]></system-out>
<properties>
<property name="_dummy_" value=""/>
</properties>
</testcase>
<testcase name="givenSetOfStations_whenFindAll_thenReturnAllStations" classname="tqsgroup.chuchu.repository.StationRepositoryTest" time="3" started-at="2024-05-30T16:42:02.501558875" finished-at="2024-05-30T16:42:05.719375399">
<system-out><![CDATA[
unique-id: [engine:junit-jupiter]/[class:tqsgroup.chuchu.repository.StationRepositoryTest]/[method:givenSetOfStations_whenFindAll_thenReturnAllStations()]
display-name: givenSetOfStations_whenFindAll_thenReturnAllStations()
]]></system-out>
<properties>
<property name="_dummy_" value=""/>
</properties>
</testcase>
<testcase name="whenSaveTicketWithEmptyRoute_thenTicketShouldNotBeSaved" classname="tqsgroup.chuchu.service.TicketServiceTest" time="0" started-at="2024-05-30T16:42:07.977274518" finished-at="2024-05-30T16:42:07.981070373">
<system-out><![CDATA[
unique-id: [engine:junit-jupiter]/[class:tqsgroup.chuchu.service.TicketServiceTest]/[method:whenSaveTicketWithEmptyRoute_thenTicketShouldNotBeSaved()]
display-name: whenSaveTicketWithEmptyRoute_thenTicketShouldNotBeSaved()
]]></system-out>
<properties>
<property name="_dummy_" value=""/>
</properties>
</testcase>
<testcase name="whenGetAllTrains_thenAllTrainsShouldBeReturned" classname="tqsgroup.chuchu.service.TrainServiceTest" time="0" started-at="2024-05-30T16:42:07.48114706" finished-at="2024-05-30T16:42:07.498085866">
<system-out><![CDATA[
unique-id: [engine:junit-jupiter]/[class:tqsgroup.chuchu.service.TrainServiceTest]/[method:whenGetAllTrains_thenAllTrainsShouldBeReturned()]
display-name: whenGetAllTrains_thenAllTrainsShouldBeReturned()
]]></system-out>
<properties>
<property name="_dummy_" value=""/>
</properties>
</testcase>
<testcase name="whenSaveCarriageWithInvalidCapacity_thenCarriageShouldNotBeSaved" classname="tqsgroup.chuchu.service.CarriageServiceTest" time="0" started-at="2024-05-30T16:42:07.638645718" finished-at="2024-05-30T16:42:07.641511719">
<system-out><![CDATA[
unique-id: [engine:junit-jupiter]/[class:tqsgroup.chuchu.service.CarriageServiceTest]/[method:whenSaveCarriageWithInvalidCapacity_thenCarriageShouldNotBeSaved()]
display-name: whenSaveCarriageWithInvalidCapacity_thenCarriageShouldNotBeSaved()
]]></system-out>
<properties>
<property name="_dummy_" value=""/>
</properties>
</testcase>
<system-out><![CDATA[
unique-id: [engine:junit-jupiter]
display-name: JUnit Jupiter
]]></system-out>
</testsuite>
